<?xml version="1.0" encoding="UTF-8"?>
<!-- Generated by org.testng.reporters.JUnitReportReporter -->
<testsuite skipped="0" hostname="qainfotech-HP-Pro-3330-MT" name="com.qait.practice.rest_assured.basics.GetEndPointTest" tests="2" failures="0" timestamp="15 Feb 2019 04:28:01 GMT" time="2.813" errors="0">
  <testcase name="positiveTestEndpointGiveComment" time="0.688" classname="com.qait.practice.rest_assured.basics.GetEndPointTest"/>
  <testcase name="negativeTestEndpointGiveComment" time="2.125" classname="com.qait.practice.rest_assured.basics.GetEndPointTest"/>
</testsuite> <!-- com.qait.practice.rest_assured.basics.GetEndPointTest -->
