<?xml version="1.0" encoding="UTF-8"?>
<!-- Generated by org.testng.reporters.JUnitReportReporter -->
<testsuite skipped="0" hostname="qainfotech-HP-Pro-3330-MT" name="com.qait.practice.rest_assured.basics.NegativePostEndPointTest" tests="1" failures="0" timestamp="15 Feb 2019 09:28:10 GMT" time="2.172" errors="0">
  <testcase name="negativeTestEndpointAddComment1" time="2.172" classname="com.qait.practice.rest_assured.basics.NegativePostEndPointTest"/>
</testsuite> <!-- com.qait.practice.rest_assured.basics.NegativePostEndPointTest -->
