<?xml version="1.0" encoding="UTF-8"?>
<!-- Generated by org.testng.reporters.JUnitReportReporter -->
<testsuite skipped="0" hostname="qainfotech-HP-Pro-3330-MT" name="com.qait.practice.rest_assured.basics.WebserviceTest1" tests="1" failures="0" timestamp="14 Feb 2019 07:03:46 GMT" time="3.026" errors="0">
  <testcase name="testTheEndpoints" time="3.026" classname="com.qait.practice.rest_assured.basics.WebserviceTest1"/>
</testsuite> <!-- com.qait.practice.rest_assured.basics.WebserviceTest1 -->
