<?xml version="1.0" encoding="UTF-8"?>
<!-- Generated by org.testng.reporters.JUnitReportReporter -->
<testsuite skipped="0" hostname="qainfotech-HP-Pro-3330-MT" name="com.qait.practice.rest_assured.basics.PositivePostEndPointTest" tests="3" failures="0" timestamp="15 Feb 2019 07:16:17 GMT" time="4.285" errors="0">
  <testcase name="positiveTestEndpointAddComment" time="2.911" classname="com.qait.practice.rest_assured.basics.PositivePostEndPointTest"/>
  <testcase name="positiveTestEndpointSignup" time="0.700" classname="com.qait.practice.rest_assured.basics.PositivePostEndPointTest"/>
  <testcase name="positiveTestEndpointLogin" time="0.674" classname="com.qait.practice.rest_assured.basics.PositivePostEndPointTest"/>
</testsuite> <!-- com.qait.practice.rest_assured.basics.PositivePostEndPointTest -->
