<?xml version="1.0" encoding="UTF-8"?>
<!-- Generated by org.testng.reporters.JUnitReportReporter -->
<testsuite skipped="0" hostname="qainfotech-HP-Pro-3330-MT" name="com.qait.practice.rest_assured.basics.PostEndPointTest" tests="1" failures="0" timestamp="14 Feb 2019 12:33:32 GMT" time="2.765" errors="0">
  <testcase name="testEndpointAddComment" time="2.765" classname="com.qait.practice.rest_assured.basics.PostEndPointTest"/>
</testsuite> <!-- com.qait.practice.rest_assured.basics.PostEndPointTest -->
